<?xml version="1.0" encoding="UTF-8"?>
<testsuite xmlns:xsi="http://www.w3.org/2001/XMLSchema-instance" xsi:noNamespaceSchemaLocation="https://maven.apache.org/surefire/maven-surefire-plugin/xsd/surefire-test-report.xsd" name="unittest.TestToDo" time="0.001" tests="7" errors="0" skipped="0" failures="0">
  <properties>
[...]
</properties>
  <testcase name="testToDoListOfTask" classname="unittest.TestToDo" time="0"/>
  <testcase name="testGetTasks" classname="unittest.TestToDo" time="0"/>
  <testcase name="testAddTask" classname="unittest.TestToDo" time="0"/>
  <testcase name="testToDo" classname="unittest.TestToDo" time="0"/>
  <testcase name="testClearToDo" classname="unittest.TestToDo" time="0"/>
  <testcase name="testRemoveTask" classname="unittest.TestToDo" time="0"/>
  <testcase name="testSetTasks" classname="unittest.TestToDo" time="0"/>
</testsuite>